# JRE version: Java(TM) SE Runtime Environment (8.0_181-b13) (build 1.8.0_181-b13)
# Java VM: Java HotSpot(TM) 64-Bit Server VM (25.181-b13 mixed mode linux-amd64 compressed oops)
Heap:
 PSYoungGen      total 28672K, used 2355K [0x00000000d6f80000, 0x00000000d8c80000, 0x0000000100000000)
  eden space 28160K, 7% used [0x00000000d6f80000,0x00000000d7184e50,0x00000000d8b00000)
  from space 512K, 56% used [0x00000000d8c00000,0x00000000d8c48050,0x00000000d8c80000)
  to   space 512K, 0% used [0x00000000d8b80000,0x00000000d8b80000,0x00000000d8c00000)
 ParOldGen       total 168960K, used 113574K [0x0000000084e00000, 0x000000008f300000, 0x00000000d6f80000)
  object space 168960K, 67% used [0x0000000084e00000,0x000000008bce9b68,0x000000008f300000)
 Metaspace       used 27593K, capacity 27758K, committed 28160K, reserved 1073152K
  class space    used 3710K, capacity 3775K, committed 3840K, reserved 1048576K
GC Heap History (10 events):
Event: 680784.278 GC heap before
{Heap before GC invocations=434 (full 2):
 PSYoungGen      total 28672K, used 28352K [0x00000000d6f80000, 0x00000000d8c80000, 0x0000000100000000)
  eden space 28160K, 100% used [0x00000000d6f80000,0x00000000d8b00000,0x00000000d8b00000)
  from space 512K, 37% used [0x00000000d8b80000,0x00000000d8bb0030,0x00000000d8c00000)
  to   space 512K, 0% used [0x00000000d8c00000,0x00000000d8c00000,0x00000000d8c80000)
 ParOldGen       total 168960K, used 113574K [0x0000000084e00000, 0x000000008f300000, 0x00000000d6f80000)
  object space 168960K, 67% used [0x0000000084e00000,0x000000008bce9b68,0x000000008f300000)
 Metaspace       used 27586K, capacity 27758K, committed 28160K, reserved 1073152K
  class space    used 3709K, capacity 3775K, committed 3840K, reserved 1048576K
Event: 680784.280 GC heap after
Heap after GC invocations=434 (full 2):
 PSYoungGen      total 28672K, used 224K [0x00000000d6f80000, 0x00000000d8c80000, 0x0000000100000000)
  eden space 28160K, 0% used [0x00000000d6f80000,0x00000000d6f80000,0x00000000d8b00000)
  from space 512K, 43% used [0x00000000d8c00000,0x00000000d8c38030,0x00000000d8c80000)
  to   space 512K, 0% used [0x00000000d8b80000,0x00000000d8b80000,0x00000000d8c00000)
 ParOldGen       total 168960K, used 113574K [0x0000000084e00000, 0x000000008f300000, 0x00000000d6f80000)
  object space 168960K, 67% used [0x0000000084e00000,0x000000008bce9b68,0x000000008f300000)
 Metaspace       used 27586K, capacity 27758K, committed 28160K, reserved 1073152K
  class space    used 3709K, capacity 3775K, committed 3840K, reserved 1048576K
}
Event: 681719.279 GC heap before
{Heap before GC invocations=435 (full 2):
 PSYoungGen      total 28672K, used 28384K [0x00000000d6f80000, 0x00000000d8c80000, 0x0000000100000000)
  eden space 28160K, 100% used [0x00000000d6f80000,0x00000000d8b00000,0x00000000d8b00000)
  from space 512K, 43% used [0x00000000d8c00000,0x00000000d8c38030,0x00000000d8c80000)
  to   space 512K, 0% used [0x00000000d8b80000,0x00000000d8b80000,0x00000000d8c00000)
 ParOldGen       total 168960K, used 113574K [0x0000000084e00000, 0x000000008f300000, 0x00000000d6f80000)
  object space 168960K, 67% used [0x0000000084e00000,0x000000008bce9b68,0x000000008f300000)
 Metaspace       used 27586K, capacity 27758K, committed 28160K, reserved 1073152K
  class space    used 3709K, capacity 3775K, committed 3840K, reserved 1048576K
Event: 681719.282 GC heap after
Heap after GC invocations=435 (full 2):
 PSYoungGen      total 28672K, used 160K [0x00000000d6f80000, 0x00000000d8c80000, 0x0000000100000000)
  eden space 28160K, 0% used [0x00000000d6f80000,0x00000000d6f80000,0x00000000d8b00000)
  from space 512K, 31% used [0x00000000d8b80000,0x00000000d8ba8030,0x00000000d8c00000)
  to   space 512K, 0% used [0x00000000d8c00000,0x00000000d8c00000,0x00000000d8c80000)
 ParOldGen       total 168960K, used 113574K [0x0000000084e00000, 0x000000008f300000, 0x00000000d6f80000)
  object space 168960K, 67% used [0x0000000084e00000,0x000000008bce9b68,0x000000008f300000)
 Metaspace       used 27586K, capacity 27758K, committed 28160K, reserved 1073152K
  class space    used 3709K, capacity 3775K, committed 3840K, reserved 1048576K
}
Event: 682674.279 GC heap before
{Heap before GC invocations=436 (full 2):
 PSYoungGen      total 28672K, used 28320K [0x00000000d6f80000, 0x00000000d8c80000, 0x0000000100000000)
  eden space 28160K, 100% used [0x00000000d6f80000,0x00000000d8b00000,0x00000000d8b00000)
  from space 512K, 31% used [0x00000000d8b80000,0x00000000d8ba8030,0x00000000d8c00000)
  to   space 512K, 0% used [0x00000000d8c00000,0x00000000d8c00000,0x00000000d8c80000)
 ParOldGen       total 168960K, used 113574K [0x0000000084e00000, 0x000000008f300000, 0x00000000d6f80000)
  object space 168960K, 67% used [0x0000000084e00000,0x000000008bce9b68,0x000000008f300000)
 Metaspace       used 27586K, capacity 27758K, committed 28160K, reserved 1073152K
  class space    used 3709K, capacity 3775K, committed 3840K, reserved 1048576K
Event: 682674.281 GC heap after
Heap after GC invocations=436 (full 2):
 PSYoungGen      total 28672K, used 160K [0x00000000d6f80000, 0x00000000d8c80000, 0x0000000100000000)
  eden space 28160K, 0% used [0x00000000d6f80000,0x00000000d6f80000,0x00000000d8b00000)
  from space 512K, 31% used [0x00000000d8c00000,0x00000000d8c28020,0x00000000d8c80000)
  to   space 512K, 0% used [0x00000000d8b80000,0x00000000d8b80000,0x00000000d8c00000)
 ParOldGen       total 168960K, used 113574K [0x0000000084e00000, 0x000000008f300000, 0x00000000d6f80000)
  object space 168960K, 67% used [0x0000000084e00000,0x000000008bce9b68,0x000000008f300000)
 Metaspace       used 27586K, capacity 27758K, committed 28160K, reserved 1073152K
  class space    used 3709K, capacity 3775K, committed 3840K, reserved 1048576K
}
Event: 683514.278 GC heap before
{Heap before GC invocations=437 (full 2):
 PSYoungGen      total 28672K, used 28296K [0x00000000d6f80000, 0x00000000d8c80000, 0x0000000100000000)
  eden space 28160K, 99% used [0x00000000d6f80000,0x00000000d8afa3b0,0x00000000d8b00000)
  from space 512K, 31% used [0x00000000d8c00000,0x00000000d8c28020,0x00000000d8c80000)
  to   space 512K, 0% used [0x00000000d8b80000,0x00000000d8b80000,0x00000000d8c00000)
 ParOldGen       total 168960K, used 113574K [0x0000000084e00000, 0x000000008f300000, 0x00000000d6f80000)
  object space 168960K, 67% used [0x0000000084e00000,0x000000008bce9b68,0x000000008f300000)
 Metaspace       used 27586K, capacity 27758K, committed 28160K, reserved 1073152K
  class space    used 3709K, capacity 3775K, committed 3840K, reserved 1048576K
Event: 683514.283 GC heap after
Heap after GC invocations=437 (full 2):
 PSYoungGen      total 28672K, used 192K [0x00000000d6f80000, 0x00000000d8c80000, 0x0000000100000000)
  eden space 28160K, 0% used [0x00000000d6f80000,0x00000000d6f80000,0x00000000d8b00000)
  from space 512K, 37% used [0x00000000d8b80000,0x00000000d8bb0030,0x00000000d8c00000)
  to   space 512K, 0% used [0x00000000d8c00000,0x00000000d8c00000,0x00000000d8c80000)
 ParOldGen       total 168960K, used 113574K [0x0000000084e00000, 0x000000008f300000, 0x00000000d6f80000)
  object space 168960K, 67% used [0x0000000084e00000,0x000000008bce9b68,0x000000008f300000)
 Metaspace       used 27586K, capacity 27758K, committed 28160K, reserved 1073152K
  class space    used 3709K, capacity 3775K, committed 3840K, reserved 1048576K
}
Event: 685148.920 GC heap before
{Heap before GC invocations=438 (full 2):
 PSYoungGen      total 28672K, used 28352K [0x00000000d6f80000, 0x00000000d8c80000, 0x0000000100000000)
  eden space 28160K, 100% used [0x00000000d6f80000,0x00000000d8b00000,0x00000000d8b00000)
  from space 512K, 37% used [0x00000000d8b80000,0x00000000d8bb0030,0x00000000d8c00000)
  to   space 512K, 0% used [0x00000000d8c00000,0x00000000d8c00000,0x00000000d8c80000)
 ParOldGen       total 168960K, used 113574K [0x0000000084e00000, 0x000000008f300000, 0x00000000d6f80000)
  object space 168960K, 67% used [0x0000000084e00000,0x000000008bce9b68,0x000000008f300000)
 Metaspace       used 27589K, capacity 27758K, committed 28160K, reserved 1073152K
  class space    used 3709K, capacity 3775K, committed 3840K, reserved 1048576K
Event: 685148.945 GC heap after
Heap after GC invocations=438 (full 2):
 PSYoungGen      total 28672K, used 288K [0x00000000d6f80000, 0x00000000d8c80000, 0x0000000100000000)
  eden space 28160K, 0% used [0x00000000d6f80000,0x00000000d6f80000,0x00000000d8b00000)
  from space 512K, 56% used [0x00000000d8c00000,0x00000000d8c48050,0x00000000d8c80000)
  to   space 512K, 0% used [0x00000000d8b80000,0x00000000d8b80000,0x00000000d8c00000)
 ParOldGen       total 168960K, used 113574K [0x0000000084e00000, 0x000000008f300000, 0x00000000d6f80000)
  object space 168960K, 67% used [0x0000000084e00000,0x000000008bce9b68,0x000000008f300000)
 Metaspace       used 27589K, capacity 27758K, committed 28160K, reserved 1073152K
  class space    used 3709K, capacity 3775K, committed 3840K, reserved 1048576K
}

